<?xml version="1.0" encoding="UTF-8"?>
<!-- Generated by org.testng.reporters.JUnitXMLReporter -->
<testsuite ignored="0" hostname="kamalShaheen" failures="1" tests="3" name="ErrorValidations" time="36.182" errors="0" timestamp="2022-08-30T18:01:30 IDT">
  <testcase classname="KamalProject.tests.ErrorValidations" name="LoginErrorVaildation" time="1.215">
    <skipped/>
  </testcase> <!-- LoginErrorVaildation -->
  <testcase classname="KamalProject.tests.ErrorValidations" name="LoginErrorVaildation" time="1.337">
    <failure type="java.lang.AssertionError" message="expected [Incorrect email or password.] but found [Incorrect email r password.]">
      <![CDATA[java.lang.AssertionError: expected [Incorrect email or password.] but found [Incorrect email r password.]
at KamalProject.tests.ErrorValidations.LoginErrorVaildation(ErrorValidations.java:26)
at java.base/java.util.ArrayList.forEach(ArrayList.java:1511)
at java.base/java.util.concurrent.FutureTask.run(FutureTask.java:264)
at java.base/java.util.concurrent.ThreadPoolExecutor.runWorker(ThreadPoolExecutor.java:1130)
at java.base/java.util.concurrent.ThreadPoolExecutor$Worker.run(ThreadPoolExecutor.java:630)
at java.base/java.lang.Thread.run(Thread.java:832)
... Removed 24 stack frames]]>
    </failure>
  </testcase> <!-- LoginErrorVaildation -->
  <testcase classname="KamalProject.tests.ErrorValidations" name="productErrorVaildation" time="4.746"/>
</testsuite> <!-- ErrorValidations -->
